0 info it worked if it ends with ok
1 verbose cli [ '/usr/bin/nodejs',
1 verbose cli   '/usr/bin/npm',
1 verbose cli   'install',
1 verbose cli   '--global',
1 verbose cli   'javascriptin' ]
2 info using npm@1.3.10
3 info using node@v0.10.25
4 verbose cache add [ 'javascriptin', null ]
5 verbose cache add name=undefined spec="javascriptin" args=["javascriptin",null]
6 verbose parsed url { protocol: null,
6 verbose parsed url   slashes: null,
6 verbose parsed url   auth: null,
6 verbose parsed url   host: null,
6 verbose parsed url   port: null,
6 verbose parsed url   hostname: null,
6 verbose parsed url   hash: null,
6 verbose parsed url   search: null,
6 verbose parsed url   query: null,
6 verbose parsed url   pathname: 'javascriptin',
6 verbose parsed url   path: 'javascriptin',
6 verbose parsed url   href: 'javascriptin' }
7 silly lockFile 9b35f5cc-javascriptin javascriptin
8 verbose lock javascriptin /home/alina/.npm/9b35f5cc-javascriptin.lock
9 silly lockFile 9b35f5cc-javascriptin javascriptin
10 silly lockFile 9b35f5cc-javascriptin javascriptin
11 verbose addNamed [ 'javascriptin', '' ]
12 verbose addNamed [ null, '*' ]
13 silly lockFile 36b53a8a-javascriptin javascriptin@
14 verbose lock javascriptin@ /home/alina/.npm/36b53a8a-javascriptin.lock
15 silly addNameRange { name: 'javascriptin', range: '*', hasData: false }
16 verbose url raw javascriptin
17 verbose url resolving [ 'https://registry.npmjs.org/', './javascriptin' ]
18 verbose url resolved https://registry.npmjs.org/javascriptin
19 info trying registry request attempt 1 at 19:35:30
20 http GET https://registry.npmjs.org/javascriptin
21 http 404 https://registry.npmjs.org/javascriptin
22 silly registry.get cb [ 404,
22 silly registry.get   { date: 'Tue, 18 Nov 2014 17:35:45 GMT',
22 silly registry.get     server: 'CouchDB/1.5.0 (Erlang OTP/R14B04)',
22 silly registry.get     'content-type': 'application/json',
22 silly registry.get     'cache-control': 'max-age=0',
22 silly registry.get     'content-length': '52',
22 silly registry.get     'accept-ranges': 'bytes',
22 silly registry.get     via: '1.1 varnish',
22 silly registry.get     age: '0',
22 silly registry.get     'x-served-by': 'cache-ams4125-AMS',
22 silly registry.get     'x-cache': 'MISS',
22 silly registry.get     'x-cache-hits': '0',
22 silly registry.get     'x-timer': 'S1416332144.689463,VS0,VE388',
22 silly registry.get     'keep-alive': 'timeout=10, max=50',
22 silly registry.get     connection: 'Keep-Alive' } ]
23 silly lockFile 36b53a8a-javascriptin javascriptin@
24 silly lockFile 36b53a8a-javascriptin javascriptin@
25 error 404 'javascriptin' is not in the npm registry.
25 error 404 You should bug the author to publish it
25 error 404
25 error 404 Note that you can also install from a
25 error 404 tarball, folder, or http url, or git url.
26 error System Linux 3.13.0-39-generic
27 error command "/usr/bin/nodejs" "/usr/bin/npm" "install" "--global" "javascriptin"
28 error cwd /home/alina/kottans
29 error node -v v0.10.25
30 error npm -v 1.3.10
31 error code E404
32 verbose exit [ 1, true ]
